<?xml version="1.0" encoding="UTF-8"?>
<coverage generated="1651091448016" clover="3.2.0">
  <project timestamp="1651091448016" name="All files">
    <metrics statements="8" coveredstatements="4" conditionals="0" coveredconditionals="0" methods="3" coveredmethods="2" elements="11" coveredelements="6" complexity="0" loc="8" ncloc="8" packages="2" files="2" classes="2"/>
    <package name="app-testing">
      <metrics statements="4" coveredstatements="4" conditionals="0" coveredconditionals="0" methods="2" coveredmethods="2"/>
      <file name="App.js" path="/home/spancavil/Data/Profesor/Desarrollo de apps/Comision 36505/After Testing/app-testing/App.js">
        <metrics statements="4" coveredstatements="4" conditionals="0" coveredconditionals="0" methods="2" coveredmethods="2"/>
        <line num="7" count="5" type="stmt"/>
        <line num="9" count="5" type="stmt"/>
        <line num="13" count="1" type="stmt"/>
        <line num="19" count="1" type="stmt"/>
      </file>
    </package>
    <package name="app-testing.Services">
      <metrics statements="4" coveredstatements="0" conditionals="0" coveredconditionals="0" methods="1" coveredmethods="0"/>
      <file name="fetch.js" path="/home/spancavil/Data/Profesor/Desarrollo de apps/Comision 36505/After Testing/app-testing/Services/fetch.js">
        <metrics statements="4" coveredstatements="0" conditionals="0" coveredconditionals="0" methods="1" coveredmethods="0"/>
        <line num="1" count="0" type="stmt"/>
        <line num="2" count="0" type="stmt"/>
        <line num="3" count="0" type="stmt"/>
        <line num="4" count="0" type="stmt"/>
      </file>
    </package>
  </project>
</coverage>
