{"/home/spancavil/Data/Profesor/Desarrollo de apps/Comision 36505/After Testing/app-testing/App.js": {"path":"/home/spancavil/Data/Profesor/Desarrollo de apps/Comision 36505/After Testing/app-testing/App.js","statementMap":{"0":{"start":{"line":7,"column":14},"end":{"line":7,"column":42}},"1":{"start":{"line":11,"column":2},"end":{"line":26,"column":4}},"2":{"start":{"line":29,"column":15},"end":{"line":36,"column":2}}},"fnMap":{"0":{"name":"App","decl":{"start":{"line":9,"column":24},"end":{"line":9,"column":27}},"loc":{"start":{"line":9,"column":30},"end":{"line":27,"column":1}},"line":9}},"branchMap":{},"s":{"0":0,"1":0,"2":0},"f":{"0":0},"b":{}}
,"/home/spancavil/Data/Profesor/Desarrollo de apps/Comision 36505/After Testing/app-testing/Screens/ScreenA.js": {"path":"/home/spancavil/Data/Profesor/Desarrollo de apps/Comision 36505/After Testing/app-testing/Screens/ScreenA.js","statementMap":{"0":{"start":{"line":5,"column":16},"end":{"line":25,"column":1}},"1":{"start":{"line":7,"column":32},"end":{"line":7,"column":47}},"2":{"start":{"line":9,"column":4},"end":{"line":24,"column":5}},"3":{"start":{"line":14,"column":31},"end":{"line":14,"column":49}},"4":{"start":{"line":20,"column":31},"end":{"line":20,"column":62}},"5":{"start":{"line":29,"column":15},"end":{"line":29,"column":36}}},"fnMap":{"0":{"name":"(anonymous_0)","decl":{"start":{"line":5,"column":16},"end":{"line":5,"column":17}},"loc":{"start":{"line":5,"column":34},"end":{"line":25,"column":1}},"line":5},"1":{"name":"(anonymous_1)","decl":{"start":{"line":14,"column":25},"end":{"line":14,"column":26}},"loc":{"start":{"line":14,"column":31},"end":{"line":14,"column":49}},"line":14},"2":{"name":"(anonymous_2)","decl":{"start":{"line":20,"column":25},"end":{"line":20,"column":26}},"loc":{"start":{"line":20,"column":31},"end":{"line":20,"column":62}},"line":20}},"branchMap":{},"s":{"0":1,"1":6,"2":6,"3":1,"4":1,"5":1},"f":{"0":6,"1":1,"2":1},"b":{},"_coverageSchema":"1a1c01bbd47fc00a2c39e90264f33305004495a9","hash":"94ef41c4b88de1e81e592439bc1675943d6556a4"}
,"/home/spancavil/Data/Profesor/Desarrollo de apps/Comision 36505/After Testing/app-testing/Screens/ScreenB.js": {"path":"/home/spancavil/Data/Profesor/Desarrollo de apps/Comision 36505/After Testing/app-testing/Screens/ScreenB.js","statementMap":{"0":{"start":{"line":4,"column":16},"end":{"line":10,"column":1}},"1":{"start":{"line":5,"column":2},"end":{"line":9,"column":3}},"2":{"start":{"line":14,"column":15},"end":{"line":14,"column":36}}},"fnMap":{"0":{"name":"(anonymous_0)","decl":{"start":{"line":4,"column":16},"end":{"line":4,"column":17}},"loc":{"start":{"line":4,"column":22},"end":{"line":10,"column":1}},"line":4}},"branchMap":{},"s":{"0":0,"1":0,"2":0},"f":{"0":0},"b":{}}
,"/home/spancavil/Data/Profesor/Desarrollo de apps/Comision 36505/After Testing/app-testing/Services/fetch.js": {"path":"/home/spancavil/Data/Profesor/Desarrollo de apps/Comision 36505/After Testing/app-testing/Services/fetch.js","statementMap":{"0":{"start":{"line":1,"column":24},"end":{"line":5,"column":1}},"1":{"start":{"line":2,"column":21},"end":{"line":2,"column":37}},"2":{"start":{"line":3,"column":23},"end":{"line":3,"column":38}},"3":{"start":{"line":4,"column":4},"end":{"line":4,"column":21}}},"fnMap":{"0":{"name":"(anonymous_0)","decl":{"start":{"line":1,"column":24},"end":{"line":1,"column":25}},"loc":{"start":{"line":1,"column":39},"end":{"line":5,"column":1}},"line":1}},"branchMap":{},"s":{"0":1,"1":1,"2":1,"3":1},"f":{"0":1},"b":{},"_coverageSchema":"1a1c01bbd47fc00a2c39e90264f33305004495a9","hash":"d76e390257d28e4091181e90f65f8d52c14e029f"}
}
